sf
sf_history
sf_action
sf_epic
sf_heroic
sf_detective
sf_cyberpunk
sf_space
sf_social
sf_horror
sf_humor
sf_fantasy
detective
det_classic
det_police
det_action
det_irony
det_history
det_espionage
det_crime
det_political
det_maniac
det_hard
thriller
prose	
prose_classic
prose_history
prose_contemporary
prose_counter
prose_rus_classic
prose_su_classics
love
love_contemporary
love_history
love_detective
love_short
love_erotica
adventure
adv_western
adv_history
adv_indian
adv_maritime
adv_geo
adv_animal
children
child_tale
child_verse
child_prose
child_sf
child_det
child_adv
child_education
poetry_dramarutgy
poetry
dramaturgy
antique 
antique_ant
antique_european
antique_russian
antique_east
antique_myths
science
sci_history
sci_psychology
sci_culture
sci_religion
sci_philosophy
sci_politics
sci_business
sci_juris
sci_linguistic
sci_medicine
sci_phys
sci_math
sci_chem
sci_biology
sci_tech
computers
comp_www
comp_programming
comp_hard
comp_soft
comp_db
comp_osnet
reference
ref_encyc
ref_dict
ref_ref
ref_guide
nonfiction
nonf_biography
nonf_publicism
nonf_criticism
design
religion
religion_rel
religion_esoterics
religion_self
hummor
humor_anecdote
humor_prose
humor_verse
home
home_cooking
home_pets
home_crafts
home_entertain
home_health
home_garden
home_diy
home_sport
home_sex